#
# An unexpected error has been detected by Java Runtime Environment:
#
#  EXCEPTION_ACCESS_VIOLATION (0xc0000005) at pc=0x000000007a69d0e0, pid=7128, tid=8748
#
# Java VM: Java HotSpot(TM) 64-Bit Server VM (11.2-b01 mixed mode windows-amd64)
# Problematic frame:
# C  [awt.dll+0xdd0e0]
#
# If you would like to submit a bug report, please visit:
#   http://java.sun.com/webapps/bugreport/crash.jsp
# The crash happened outside the Java Virtual Machine in native code.
# See problematic frame for where to report the bug.
#

---------------  T H R E A D  ---------------

Current thread (0x000000002ed90c00):  JavaThread "AWT-EventQueue-0" [_thread_in_native, id=8748, stack(0x000000002f3e0000,0x000000002f460000)]

siginfo: ExceptionCode=0xc0000005, reading address 0x0000000000000008

Registers:
EAX=0x000000000000000d, EBX=0x000000002ed90dc0, ECX=0x0000000000000000, EDX=0xffffffffe6011b00
ESP=0x000000002f45e238, EBP=0x0000000036c21c50, ESI=0x000000002ed90dc0, EDI=0x000000002f1127f0
EIP=0x000000007a69d0e0, EFLAGS=0x0000000000010206

Top of Stack: (sp=0x000000002f45e238)
0x000000002f45e238:   000000007a645acc 0000000000000000
0x000000002f45e248:   000000002ed90dc0 0000000036c21c50
0x000000002f45e258:   000000002ed90dc0 000000001c0ba1f8
0x000000002f45e268:   000000002ed90dc0 0000000000000101
0x000000002f45e278:   000000007a623810 000000002ed90dc0
0x000000002f45e288:   000000002f45e958 000000002f45e9d0
0x000000002f45e298:   0000000036c21c50 000000002f45e2e0
0x000000002f45e2a8:   000000007a642381 000000001c289150
0x000000002f45e2b8:   000000002f45e9c8 0000000021b0a0e8
0x000000002f45e2c8:   000000002f45e9d0 00000027748fae81
0x000000002f45e2d8:   000000001014319a 000000002f45e340
0x000000002f45e2e8:   000000001014319a 000000001014319a
0x000000002f45e2f8:   000000001c289150 000000002f45e300
0x000000002f45e308:   00000000142161fb 000000002f45e380
0x000000002f45e318:   0000000014218068 0000000000000000
0x000000002f45e328:   0000000014216218 0000000000000000 

Instructions: (pc=0x000000007a69d0e0)
0x000000007a69d0d0:   48 8b 41 08 48 8b 80 18 0c 00 00 c3 cc cc cc cc
0x000000007a69d0e0:   48 8b 49 08 48 85 c9 74 05 e9 b2 ee fd ff 33 c0 


Stack: [0x000000002f3e0000,0x000000002f460000],  sp=0x000000002f45e238,  free space=504k
Native frames: (J=compiled Java code, j=interpreted, Vv=VM code, C=native code)
C  [awt.dll+0xdd0e0]

Java frames: (J=compiled Java code, j=interpreted, Vv=VM code)
j  sun.java2d.windows.GDIBlitLoops.nativeBlit(Lsun/java2d/SurfaceData;Lsun/java2d/SurfaceData;Lsun/java2d/pipe/Region;IIIIIIIIIZ)V+0
j  sun.java2d.windows.GDIBlitLoops.Blit(Lsun/java2d/SurfaceData;Lsun/java2d/SurfaceData;Ljava/awt/Composite;Lsun/java2d/pipe/Region;IIIIII)V+33
J  sun.java2d.pipe.DrawImage.copyImage(Lsun/java2d/SunGraphics2D;Ljava/awt/Image;IILjava/awt/Color;Ljava/awt/image/ImageObserver;)Z
J  sun.java2d.SunGraphics2D.drawImage(Ljava/awt/Image;IILjava/awt/Color;Ljava/awt/image/ImageObserver;)Z
J  javax.swing.RepaintManager$PaintManager.paintDoubleBuffered(Ljavax/swing/JComponent;Ljava/awt/Image;Ljava/awt/Graphics;IIII)V
j  javax.swing.RepaintManager$PaintManager.paint(Ljavax/swing/JComponent;Ljavax/swing/JComponent;Ljava/awt/Graphics;IIII)Z+116
j  javax.swing.RepaintManager.paint(Ljavax/swing/JComponent;Ljavax/swing/JComponent;Ljava/awt/Graphics;IIII)V+52
J  javax.swing.JComponent.paint(Ljava/awt/Graphics;)V
j  java.awt.GraphicsCallback$PaintCallback.run(Ljava/awt/Component;Ljava/awt/Graphics;)V+2
j  sun.awt.SunGraphicsCallback.runOneComponent(Ljava/awt/Component;Ljava/awt/Rectangle;Ljava/awt/Graphics;Ljava/awt/Shape;I)V+155
j  sun.awt.SunGraphicsCallback.runComponents([Ljava/awt/Component;Ljava/awt/Graphics;I)V+104
j  java.awt.Container.paint(Ljava/awt/Graphics;)V+73
J  javax.swing.RepaintManager.paintDirtyRegions(Ljava/util/Map;)V
j  javax.swing.RepaintManager.paintDirtyRegions()V+46
j  javax.swing.RepaintManager.seqPaintDirtyRegions()V+73
j  javax.swing.SystemEventQueueUtilities$ComponentWorkRequest.run()V+36
J  java.awt.EventDispatchThread.pumpOneEventForFilters(I)Z
J  java.awt.EventDispatchThread.pumpEventsForFilter(ILjava/awt/Conditional;Ljava/awt/EventFilter;)V
j  java.awt.EventDispatchThread.pumpEventsForHierarchy(ILjava/awt/Conditional;Ljava/awt/Component;)V+11
j  java.awt.EventDispatchThread.pumpEvents(ILjava/awt/Conditional;)V+4
j  java.awt.EventDispatchThread.pumpEvents(Ljava/awt/Conditional;)V+3
j  java.awt.EventDispatchThread.run()V+9
v  ~StubRoutines::call_stub

---------------  P R O C E S S  ---------------

Java Threads: ( => current thread )
  0x000000002f57c800 JavaThread "Image Fetcher 0" daemon [_thread_blocked, id=14324, stack(0x0000000006120000,0x00000000061a0000)]
  0x000000002e656000 JavaThread "Thread-791" [_thread_blocked, id=2648, stack(0x0000000007ab0000,0x0000000007b30000)]
  0x000000002f1bec00 JavaThread "Thread-790" [_thread_blocked, id=10584, stack(0x00000000079b0000,0x0000000007a30000)]
  0x000000002f57d800 JavaThread "Thread-789" [_thread_blocked, id=2964, stack(0x00000000066e0000,0x0000000006760000)]
  0x000000002f57e400 JavaThread "Thread-788" [_thread_blocked, id=4460, stack(0x0000000006e80000,0x0000000006f00000)]
  0x000000002f57e000 JavaThread "Thread-787" [_thread_blocked, id=9912, stack(0x0000000006e00000,0x0000000006e80000)]
  0x000000002f57b400 JavaThread "Thread-786" [_thread_blocked, id=8756, stack(0x0000000006660000,0x00000000066e0000)]
  0x000000002f57c400 JavaThread "Thread-785" [_thread_blocked, id=11480, stack(0x0000000006560000,0x00000000065e0000)]
  0x000000002f57ac00 JavaThread "Thread-784" [_thread_blocked, id=8216, stack(0x00000000065e0000,0x0000000006660000)]
  0x000000002f57d000 JavaThread "Thread-783" [_thread_blocked, id=8960, stack(0x0000000006460000,0x00000000064e0000)]
  0x000000002f579000 JavaThread "Thread-782" [_thread_blocked, id=7868, stack(0x0000000007f80000,0x0000000008000000)]
  0x000000002f578800 JavaThread "Thread-781" [_thread_blocked, id=5848, stack(0x0000000007f00000,0x0000000007f80000)]
  0x000000002f578400 JavaThread "Thread-780" [_thread_blocked, id=10720, stack(0x0000000007e80000,0x0000000007f00000)]
  0x000000002f577c00 JavaThread "Thread-779" [_thread_blocked, id=12108, stack(0x0000000007e00000,0x0000000007e80000)]
  0x000000002f1c2800 JavaThread "Thread-778" [_thread_blocked, id=10760, stack(0x0000000007d80000,0x0000000007e00000)]
  0x000000002f1c2000 JavaThread "Thread-777" [_thread_blocked, id=3164, stack(0x0000000007d00000,0x0000000007d80000)]
  0x000000002f57f400 JavaThread "Foxtrot Multi Worker Thread Runner #2" daemon [_thread_blocked, id=9812, stack(0x0000000007a30000,0x0000000007ab0000)]
  0x000000002f57bc00 JavaThread "Foxtrot Single Worker Thread #1" daemon [_thread_blocked, id=8992, stack(0x00000000064e0000,0x0000000006560000)]
  0x000000002f579800 JavaThread "Timer-InstrumentReadWritePoll" [_thread_blocked, id=9056, stack(0x00000000061a0000,0x0000000006220000)]
  0x000000002f57a800 JavaThread "MultiThreadedHttpConnectionManager cleanup" daemon [_thread_blocked, id=2296, stack(0x000000000dbe0000,0x000000000dc60000)]
  0x000000002f57a000 JavaThread "Prefs Updater" daemon [_thread_blocked, id=3216, stack(0x000000000d760000,0x000000000d7e0000)]
  0x000000002f1c1800 JavaThread "Active Reference Queue Daemon" daemon [_thread_blocked, id=6636, stack(0x0000000032950000,0x00000000329d0000)]
  0x000000002f1bf400 JavaThread "Timer-13" daemon [_thread_blocked, id=6612, stack(0x0000000032750000,0x00000000327d0000)]
  0x000000002f1c1000 JavaThread "FelixPackageAdmin" daemon [_thread_blocked, id=7612, stack(0x00000000328d0000,0x0000000032950000)]
  0x000000002f1c0800 JavaThread "FelixStartLevel" daemon [_thread_blocked, id=5924, stack(0x0000000032850000,0x00000000328d0000)]
  0x000000002f1c0400 JavaThread "FelixDispatchQueue" daemon [_thread_blocked, id=8260, stack(0x00000000327d0000,0x0000000032850000)]
  0x000000002f1bfc00 JavaThread "Timer-12" daemon [_thread_blocked, id=9128, stack(0x00000000326d0000,0x0000000032750000)]
  0x000000002e81b800 JavaThread "Timer-1" [_thread_blocked, id=1164, stack(0x0000000030500000,0x0000000030580000)]
  0x000000002ef32400 JavaThread "TimerQueue" daemon [_thread_blocked, id=7468, stack(0x000000002f480000,0x000000002f500000)]
=>0x000000002ed90c00 JavaThread "AWT-EventQueue-0" [_thread_in_native, id=8748, stack(0x000000002f3e0000,0x000000002f460000)]
  0x000000002edef400 JavaThread "AWT-Shutdown" [_thread_blocked, id=5856, stack(0x000000002f2e0000,0x000000002f360000)]
  0x000000002edefc00 JavaThread "AWT-Windows" daemon [_thread_in_native, id=8648, stack(0x000000002f360000,0x000000002f3e0000)]
  0x000000002ede9000 JavaThread "Java2D Disposer" daemon [_thread_blocked, id=2960, stack(0x000000002b390000,0x000000002b410000)]
  0x000000002e863400 JavaThread "Timer-0" [_thread_blocked, id=8364, stack(0x000000000f770000,0x000000000f7f0000)]
  0x000000002e7da400 JavaThread "JMI Unnamed Thread" [_thread_in_native, id=8312, stack(0x0000000008120000,0x0000000009120000)]
  0x000000002b5b2c00 JavaThread "Low Memory Detector" daemon [_thread_blocked, id=8984, stack(0x000000000f6f0000,0x000000000f770000)]
  0x000000002b5ac800 JavaThread "CompilerThread1" daemon [_thread_blocked, id=9032, stack(0x000000002c620000,0x000000002d620000)]
  0x000000002b5ac000 JavaThread "CompilerThread0" daemon [_thread_blocked, id=8600, stack(0x000000000e6f0000,0x000000000f6f0000)]
  0x000000002b5a8000 JavaThread "Attach Listener" daemon [_thread_blocked, id=2392, stack(0x000000000e670000,0x000000000e6f0000)]
  0x000000002b58c400 JavaThread "Finalizer" daemon [_thread_blocked, id=8684, stack(0x000000002b310000,0x000000002b390000)]
  0x000000002b580800 JavaThread "Reference Handler" daemon [_thread_blocked, id=6460, stack(0x000000002b290000,0x000000002b310000)]
  0x000000000166f400 JavaThread "main" [_thread_in_native, id=8928, stack(0x0000000000030000,0x0000000001030000)]

Other Threads:
  0x000000002b577c00 VMThread [stack: 0x000000002b620000,0x000000002c620000] [id=8760]
  0x000000002b5d7400 WatcherThread [stack: 0x000000002d620000,0x000000002e620000] [id=7640]

VM state:not at safepoint (normal execution)

VM Mutex/Monitor currently owned by a thread: None

Heap
 PSYoungGen      total 18944K, used 18170K [0x0000000021200000, 0x0000000023200000, 0x0000000023200000)
  eden space 18688K, 97% used [0x0000000021200000,0x00000000223be958,0x0000000022440000)
  from space 256K, 0% used [0x0000000022440000,0x0000000022440000,0x0000000022480000)
  to   space 7616K, 0% used [0x0000000022a90000,0x0000000022a90000,0x0000000023200000)
 PSOldGen        total 98304K, used 98304K [0x000000001b200000, 0x0000000021200000, 0x0000000021200000)
  object space 98304K, 100% used [0x000000001b200000,0x0000000021200000,0x0000000021200000)
 PSPermGen       total 65728K, used 65435K [0x0000000013200000, 0x0000000017230000, 0x000000001b200000)
  object space 65728K, 99% used [0x0000000013200000,0x00000000171e6e60,0x0000000017230000)

Dynamic libraries:
0x0000000140000000 - 0x000000014002a000 	C:\Program Files\MATLAB\R2010a\bin\win64\MATLAB.exe
0x0000000077620000 - 0x00000000777c9000 	C:\Windows\SYSTEM32\ntdll.dll
0x00000000772a0000 - 0x00000000773bf000 	C:\Windows\system32\kernel32.dll
0x000007fefdde0000 - 0x000007fefde4c000 	C:\Windows\system32\KERNELBASE.dll
0x000000007ce80000 - 0x000000007cf96000 	C:\Program Files\MATLAB\R2010a\bin\win64\libut.dll
0x000007feff870000 - 0x000007feff887000 	C:\Windows\system32\imagehlp.dll
0x000007feff0a0000 - 0x000007feff13f000 	C:\Windows\system32\msvcrt.dll
0x00000000777e0000 - 0x00000000777e7000 	C:\Windows\system32\PSAPI.DLL
0x000000007d660000 - 0x000000007d688000 	C:\Program Files\MATLAB\R2010a\bin\win64\LIBEXPAT.dll
0x00000000735c0000 - 0x0000000073689000 	C:\Windows\WinSxS\amd64_microsoft.vc80.crt_1fc8b3b9a1e18e3b_8.0.50727.6195_none_88e41e092fab0294\MSVCR80.dll
0x000000007d380000 - 0x000000007d4ac000 	C:\Program Files\MATLAB\R2010a\bin\win64\icuuc40.dll
0x000007feff140000 - 0x000007feff21b000 	C:\Windows\system32\ADVAPI32.dll
0x000007feff850000 - 0x000007feff86f000 	C:\Windows\SYSTEM32\sechost.dll
0x000007fefe090000 - 0x000007fefe1bd000 	C:\Windows\system32\RPCRT4.dll
0x000000007c8b0000 - 0x000000007c8b3000 	C:\Program Files\MATLAB\R2010a\bin\win64\icudt40.dll
0x000000007c8c0000 - 0x000000007c8d0000 	C:\Program Files\MATLAB\R2010a\bin\win64\icuio40.dll
0x000000007cb00000 - 0x000000007cc53000 	C:\Program Files\MATLAB\R2010a\bin\win64\icuin40.dll
0x0000000070480000 - 0x0000000070589000 	C:\Windows\WinSxS\amd64_microsoft.vc80.crt_1fc8b3b9a1e18e3b_8.0.50727.6195_none_88e41e092fab0294\MSVCP80.dll
0x0000000077520000 - 0x000000007761a000 	C:\Windows\system32\USER32.dll
0x000007feff490000 - 0x000007feff4f7000 	C:\Windows\system32\GDI32.dll
0x000007feff480000 - 0x000007feff48e000 	C:\Windows\system32\LPK.dll
0x000007feff670000 - 0x000007feff739000 	C:\Windows\system32\USP10.dll
0x0000000078930000 - 0x0000000078a4e000 	C:\Program Files\MATLAB\R2010a\bin\win64\libmwfl.dll
0x00000000788c0000 - 0x00000000788fe000 	C:\Program Files\MATLAB\R2010a\bin\win64\tbb.dll
0x000000007e960000 - 0x000000007e96f000 	C:\Program Files\MATLAB\R2010a\bin\win64\boost_date_time-vc80-mt-1_36.dll
0x000000007ebf0000 - 0x000000007ec0d000 	C:\Program Files\MATLAB\R2010a\bin\win64\boost_filesystem-vc80-mt-1_36.dll
0x000000007dbd0000 - 0x000000007dbd9000 	C:\Program Files\MATLAB\R2010a\bin\win64\boost_system-vc80-mt-1_36.dll
0x000000007e940000 - 0x000000007e956000 	C:\Program Files\MATLAB\R2010a\bin\win64\boost_signals-vc80-mt-1_36.dll
0x000000007c890000 - 0x000000007c8a1000 	C:\Program Files\MATLAB\R2010a\bin\win64\boost_thread-vc80-mt-1_36.dll
0x000000007d010000 - 0x000000007d298000 	C:\Program Files\MATLAB\R2010a\bin\win64\libmwservices.dll
0x000000007cfa0000 - 0x000000007d00d000 	C:\Program Files\MATLAB\R2010a\bin\win64\libmx.dll
0x00000000792b0000 - 0x00000000792c7000 	C:\Program Files\MATLAB\R2010a\bin\win64\zlib1.dll
0x000000007d2a0000 - 0x000000007d37c000 	C:\Program Files\MATLAB\R2010a\bin\win64\libmwmathutil.dll
0x000000007a9b0000 - 0x000000007aa0e000 	C:\Program Files\MATLAB\R2010a\bin\win64\mpath.dll
0x000000007d690000 - 0x000000007d812000 	C:\Program Files\MATLAB\R2010a\bin\win64\mlutil.dll
0x000000007e860000 - 0x000000007e8ec000 	C:\Program Files\MATLAB\R2010a\bin\win64\xmlcore.dll
0x000000007a320000 - 0x000000007a5b5000 	C:\Program Files\MATLAB\R2010a\bin\win64\xerces-c_2_7.dll
0x000007fefe260000 - 0x000007fefe2ad000 	C:\Windows\system32\WS2_32.dll
0x000007feff660000 - 0x000007feff668000 	C:\Windows\system32\NSI.dll
0x000007fefe310000 - 0x000007feff098000 	C:\Windows\system32\SHELL32.dll
0x000007feff5e0000 - 0x000007feff651000 	C:\Windows\system32\SHLWAPI.dll
0x000007fef6170000 - 0x000007fef6210000 	C:\Windows\WinSxS\amd64_microsoft.windows.common-controls_6595b64144ccf1df_5.82.7601.17514_none_a4d6a923711520a9\COMCTL32.dll
0x000007feff890000 - 0x000007feff927000 	C:\Windows\system32\comdlg32.dll
0x000007fefcec0000 - 0x000007fefced6000 	C:\Windows\system32\NETAPI32.dll
0x000007fefceb0000 - 0x000007fefcebc000 	C:\Windows\system32\netutils.dll
0x000007fefd820000 - 0x000007fefd843000 	C:\Windows\system32\srvcli.dll
0x000007fefce90000 - 0x000007fefcea5000 	C:\Windows\system32\wkscli.dll
0x000000007ad90000 - 0x000000007ae2e000 	C:\Program Files\MATLAB\R2010a\bin\win64\mcr.dll
0x0000000001300000 - 0x0000000001325000 	C:\Program Files\MATLAB\R2010a\bin\win64\libmwi18n.dll
0x000000007c8d0000 - 0x000000007c983000 	C:\Program Files\MATLAB\R2010a\bin\win64\iqm.dll
0x000000007b500000 - 0x000000007bdb0000 	C:\Program Files\MATLAB\R2010a\bin\win64\m_interpreter.dll
0x000000007c9b0000 - 0x000000007c9c6000 	C:\Program Files\MATLAB\R2010a\bin\win64\libmex.dll
0x000000007abf0000 - 0x000000007aca4000 	C:\Program Files\MATLAB\R2010a\bin\win64\m_dispatcher.dll
0x000000007ead0000 - 0x000000007ebc1000 	C:\Program Files\MATLAB\R2010a\bin\win64\boost_regex-vc80-mt-1_36.dll
0x000000007aa90000 - 0x000000007ab27000 	C:\Program Files\MATLAB\R2010a\bin\win64\profiler.dll
0x000000007ca40000 - 0x000000007ca71000 	C:\Program Files\MATLAB\R2010a\bin\win64\libmwmathrng.dll
0x0000000079200000 - 0x000000007921a000 	C:\Program Files\MATLAB\R2010a\bin\win64\m_pcodeio.dll
0x000000007a960000 - 0x000000007a9ad000 	C:\Program Files\MATLAB\R2010a\bin\win64\m_ir.dll
0x000000007aef0000 - 0x000000007b4f1000 	C:\Program Files\MATLAB\R2010a\bin\win64\m_parser.dll
0x000000007c990000 - 0x000000007c9a4000 	C:\Program Files\MATLAB\R2010a\bin\win64\ir_xfmr.dll
0x0000000078a50000 - 0x0000000078d2f000 	C:\Program Files\MATLAB\R2010a\bin\win64\mcos.dll
0x000000007ca90000 - 0x000000007ca9c000 	C:\Program Files\MATLAB\R2010a\bin\win64\mtok.dll
0x00000000791d0000 - 0x00000000791f6000 	C:\Program Files\MATLAB\R2010a\bin\win64\m_pcodegen.dll
0x0000000001420000 - 0x0000000001472000 	C:\Program Files\MATLAB\R2010a\bin\win64\libmwspmatrix.dll
0x000007fef0900000 - 0x000007fef0a25000 	C:\Windows\system32\dbghelp.dll
0x0000000001490000 - 0x00000000014bc000 	C:\Program Files\MATLAB\R2010a\bin\win64\libmwbridge.dll
0x000000007c4f0000 - 0x000000007c5b7000 	C:\Program Files\MATLAB\R2010a\bin\win64\udd.dll
0x000000007d4b0000 - 0x000000007d604000 	C:\Program Files\MATLAB\R2010a\bin\win64\libmwgui.dll
0x0000000079320000 - 0x0000000079acf000 	C:\Program Files\MATLAB\R2010a\bin\win64\hg.dll
0x0000000079100000 - 0x0000000079150000 	C:\Program Files\MATLAB\R2010a\bin\win64\libmat.dll
0x000000007cc60000 - 0x000000007ce7b000 	C:\Program Files\MATLAB\R2010a\bin\win64\libhdf5.dll
0x000000007a860000 - 0x000000007a8e3000 	C:\Program Files\MATLAB\R2010a\bin\win64\jmi.dll
0x000000007a790000 - 0x000000007a7d6000 	C:\Program Files\MATLAB\R2010a\bin\win64\libmwhardcopy.dll
0x000000007a8f0000 - 0x000000007a959000 	C:\Program Files\MATLAB\R2010a\bin\win64\libuij.dll
0x0000000078730000 - 0x00000000788b3000 	C:\Program Files\MATLAB\R2010a\bin\win64\hgdatatypes.dll
0x0000000078670000 - 0x0000000078721000 	C:\Program Files\MATLAB\R2010a\bin\win64\hgutils.dll
0x0000000079150000 - 0x00000000791cc000 	C:\Program Files\MATLAB\R2010a\bin\win64\libmwlapack.dll
0x000000007c9e0000 - 0x000000007c9f3000 	C:\Program Files\MATLAB\R2010a\bin\win64\libmwbinder.dll
0x000000007c5c0000 - 0x000000007c881000 	C:\Program Files\MATLAB\R2010a\bin\win64\uiw.dll
0x000000007caf0000 - 0x000000007cafa000 	C:\Program Files\MATLAB\R2010a\bin\win64\uinone.dll
0x000000005a570000 - 0x000000005a70c000 	C:\Windows\WinSxS\amd64_microsoft.vc80.mfc_1fc8b3b9a1e18e3b_8.0.50727.6195_none_8448b2bd328df189\MFC80.DLL
0x000007fef6950000 - 0x000007fef69c1000 	C:\Windows\system32\WINSPOOL.DRV
0x000007fefde80000 - 0x000007fefe083000 	C:\Windows\system32\ole32.dll
0x000007feff500000 - 0x000007feff5d7000 	C:\Windows\system32\OLEAUT32.dll
0x000000007ae30000 - 0x000000007aee6000 	C:\Program Files\MATLAB\R2010a\bin\win64\udd_mi.dll
0x0000000079220000 - 0x000000007923f000 	C:\Program Files\MATLAB\R2010a\bin\win64\mwoles05.DLL
0x000000007aa10000 - 0x000000007aa82000 	C:\Program Files\MATLAB\R2010a\bin\win64\comcli.dll
0x00000000702c0000 - 0x00000000702e0000 	C:\Windows\WinSxS\amd64_microsoft.vc80.atl_1fc8b3b9a1e18e3b_8.0.50727.6195_none_8a1dd9552ed7f8d8\ATL80.DLL
0x000000007ca80000 - 0x000000007ca8e000 	C:\Program Files\MATLAB\R2010a\bin\win64\mlautoregister.dll
0x000007fefde50000 - 0x000007fefde7e000 	C:\Windows\system32\IMM32.DLL
0x000007feff740000 - 0x000007feff849000 	C:\Windows\system32\MSCTF.dll
0x000000006fa00000 - 0x000000006fa3f000 	C:\PROGRA~2\Sophos\SOPHOS~1\SOPHOS~2.DLL
0x0000000074c60000 - 0x0000000074c6d000 	C:\Windows\WinSxS\amd64_microsoft.vc80.mfcloc_1fc8b3b9a1e18e3b_8.0.50727.6195_none_bc20f59b0bdd1acd\MFC80ENU.DLL
0x000007fefda80000 - 0x000007fefda8f000 	C:\Windows\system32\profapi.dll
0x000007fefd9b0000 - 0x000007fefd9bf000 	C:\Windows\system32\CRYPTBASE.dll
0x000007fefc470000 - 0x000007fefc4c6000 	C:\Windows\system32\uxtheme.dll
0x000007fefc4d0000 - 0x000007fefc6c4000 	C:\Windows\WinSxS\amd64_microsoft.windows.common-controls_6595b64144ccf1df_6.0.7601.17514_none_fa396087175ac9ac\comctl32.dll
0x000007feff2a0000 - 0x000007feff477000 	C:\Windows\system32\SETUPAPI.dll
0x000007fefdbf0000 - 0x000007fefdc26000 	C:\Windows\system32\CFGMGR32.dll
0x000007fefdb30000 - 0x000007fefdb4a000 	C:\Windows\system32\DEVOBJ.dll
0x000007fefe1c0000 - 0x000007fefe259000 	C:\Windows\system32\CLBCatQ.DLL
0x000007fefbf30000 - 0x000007fefc05c000 	C:\Windows\system32\propsys.dll
0x000007fefc9c0000 - 0x000007fefc9ed000 	C:\Windows\system32\ntmarta.dll
0x000007fefe2b0000 - 0x000007fefe302000 	C:\Windows\system32\WLDAP32.dll
0x000007fefaa10000 - 0x000007fefaa37000 	C:\Windows\system32\iphlpapi.dll
0x000007fefaa00000 - 0x000007fefaa0b000 	C:\Windows\system32\WINNSI.DLL
0x000007fefd130000 - 0x000007fefd18b000 	C:\Windows\system32\DNSAPI.dll
0x000007fefa900000 - 0x000007fefa911000 	C:\Windows\system32\dhcpcsvc6.DLL
0x000007fefa890000 - 0x000007fefa8a8000 	C:\Windows\system32\dhcpcsvc.DLL
0x000007fefd920000 - 0x000007fefd945000 	C:\Windows\system32\SspiCli.dll
0x000000006e690000 - 0x000000006e693000 	C:\Windows\system32\icmp.Dll
0x000007fefbf10000 - 0x000007fefbf28000 	C:\Windows\system32\dwmapi.dll
0x000000006d7f0000 - 0x000000006dda8000 	C:\Program Files\MATLAB\R2010a\sys\java\jre\win64\jre\bin\server\jvm.dll
0x000007fefbb80000 - 0x000007fefbbbb000 	C:\Windows\system32\WINMM.dll
0x000000007aba0000 - 0x000000007abaa000 	C:\Program Files\MATLAB\R2010a\sys\java\jre\win64\jre\bin\hpi.dll
0x000000007abc0000 - 0x000000007abce000 	C:\Program Files\MATLAB\R2010a\sys\java\jre\win64\jre\bin\verify.dll
0x00000000792d0000 - 0x00000000792f7000 	C:\Program Files\MATLAB\R2010a\sys\java\jre\win64\jre\bin\java.dll
0x000000007abd0000 - 0x000000007abe2000 	C:\Program Files\MATLAB\R2010a\sys\java\jre\win64\jre\bin\zip.dll
0x0000000079240000 - 0x000000007926b000 	C:\Program Files\MATLAB\R2010a\bin\win64\nativejava.dll
0x000007fef1f20000 - 0x000007fef1f38000 	C:\Windows\system32\MPR.dll
0x0000000079270000 - 0x00000000792a7000 	C:\Program Files\MATLAB\R2010a\bin\win64\nativejmi.dll
0x000000007cae0000 - 0x000000007caed000 	C:\Program Files\MATLAB\R2010a\bin\win64\nativeservices.dll
0x000000007a5c0000 - 0x000000007a782000 	C:\Program Files\MATLAB\R2010a\sys\java\jre\win64\jre\bin\awt.dll
0x000000007acb0000 - 0x000000007ad1b000 	C:\Program Files\MATLAB\R2010a\sys\java\jre\win64\jre\bin\fontmanager.dll
0x0000000079300000 - 0x0000000079317000 	C:\Program Files\MATLAB\R2010a\sys\java\jre\win64\jre\bin\net.dll
0x000007fefd2b0000 - 0x000007fefd305000 	C:\Windows\system32\mswsock.dll
0x000007fefd2a0000 - 0x000007fefd2a7000 	C:\Windows\System32\wship6.dll
0x000000007abb0000 - 0x000000007abbb000 	C:\Program Files\MATLAB\R2010a\sys\java\jre\win64\jre\bin\nio.dll

VM Arguments:
jvm_args: -Xss512k -XX:PermSize=32m -Xms64m -XX:NewRatio=3 -XX:MaxPermSize=128m -Xmx128m -XX:MaxDirectMemorySize=2147400000 -Dsun.java2d.noddraw=true -Dsun.awt.nopixfmt=true -Xshare:off -Xrs -Djava.library.path=C:\Program Files\MATLAB\R2010a\bin\win64 vfprintf abort 
java_command: <unknown>
Launcher Type: generic

Environment Variables:
PATH=C:\Program Files\Common Files\Microsoft Shared\Windows Live;C:\Program Files (x86)\Common Files\Microsoft Shared\Windows Live;C:\WinAVR-20100110\bin;C:\WinAVR-20100110\utils\bin;C:\Program Files (x86)\SinoVoice\jTTS 5.0.1 DeskTop\Bin;C:\Program Files (x86)\Microsoft SQL Server\90\Tools\binn\;C:\Program Files (x86)\IVI Foundation\IVI\bin;C:\Program Files\IVI Foundation\IVI\bin;C:\Program Files\IVI Foundation\VISA\Win64\Bin\;C:\Program Files (x86)\IVI Foundation\VISA\WinNT\Bin\;C:\Program Files (x86)\IVI Foundation\VISA\WinNT\Bin;C:\Program Files (x86)\TortoiseHg\;C:\Program Files (x86)\Windows Live\Shared;C:\Program Files\MATLAB\R2010bSP1\runtime\win64;C:\Program Files\MATLAB\R2010bSP1\bin;C:\OpenCV2.2\bin;C:\Program Files (x86)\CMake 2.8\bin;C:\BitFlow SDK 5.30\Bin;C:\Python25;C:\python25\Scripts;C:\Windows\System32;C:\Program Files (x86)\National Instruments\Shared\System\
USERNAME=liujin
OS=Windows_NT
PROCESSOR_IDENTIFIER=Intel64 Family 6 Model 30 Stepping 5, GenuineIntel



---------------  S Y S T E M  ---------------

OS: Windows NT 6.1 Build 7601 Service Pack 1

CPU:total 8 (8 cores per cpu, 2 threads per core) family 6 model 14 stepping 5, cmov, cx8, fxsr, mmx, sse, sse2, sse3, ssse3, ht

Memory: 4k page, physical 12505264k(8114304k free), swap 25008680k(20266992k free)

vm_info: Java HotSpot(TM) 64-Bit Server VM (11.2-b01) for windows-amd64 JRE (1.6.0_12-b04), built on Jan 17 2009 01:49:05 by "java_re" with MS VC++ 8.0

time: Sun Sep 18 22:57:06 2011
elapsed time: 290955 seconds

